2024-04-12 17:04:23,524 [INFO] com.payment.webservices.WebservicesApplicationTests main Starting WebservicesApplicationTests using Java 1.8.0_292 on WPG02VB46 with PID 29500 (started by xxjainne in C:\DLTE-JavaFullStack-EekshaJain-2024\DLTE-Java\EmployeeDetails\PaymentWebservice)
2024-04-12 17:04:23,540 [INFO] com.payment.webservices.WebservicesApplicationTests main No active profile set, falling back to 1 default profile: "default"
2024-04-12 17:04:25,197 [INFO] org.springframework.data.repository.config.RepositoryConfigurationDelegate main Bootstrapping Spring Data JDBC repositories in DEFAULT mode.
2024-04-12 17:04:25,213 [INFO] org.springframework.data.repository.config.RepositoryConfigurationDelegate main Finished Spring Data repository scanning in 13 ms. Found 0 JDBC repository interfaces.
2024-04-12 17:04:25,700 [INFO] org.springframework.context.support.PostProcessorRegistrationDelegate$BeanPostProcessorChecker main Bean 'org.springframework.ws.config.annotation.DelegatingWsConfiguration' of type [org.springframework.ws.config.annotation.DelegatingWsConfiguration$$EnhancerBySpringCGLIB$$24bc10e4] is not eligible for getting processed by all BeanPostProcessors (for example: not eligible for auto-proxying)
2024-04-12 17:04:25,857 [INFO] org.springframework.ws.soap.addressing.server.AnnotationActionEndpointMapping main Supporting [WS-Addressing August 2004, WS-Addressing 1.0]
2024-04-12 17:04:30,084 [INFO] com.zaxxer.hikari.HikariDataSource main HikariPool-1 - Starting...
2024-04-12 17:04:30,099 [WARN] com.zaxxer.hikari.util.DriverDataSource main Registered driver with driverClassName=oracle.jdbc.driver.OracleDriver was not found, trying direct instantiation.
2024-04-12 17:04:30,920 [INFO] com.zaxxer.hikari.pool.PoolBase main HikariPool-1 - Driver does not support get/set network timeout for connections. (oracle.jdbc.driver.T4CConnection.getNetworkTimeout()I)
2024-04-12 17:04:30,920 [INFO] com.zaxxer.hikari.HikariDataSource main HikariPool-1 - Start completed.
2024-04-12 17:04:31,221 [INFO] com.payment.webservices.WebservicesApplicationTests main Started WebservicesApplicationTests in 8.237 seconds (JVM running for 10.045)
2024-04-12 17:04:31,772 [INFO] com.zaxxer.hikari.HikariDataSource SpringApplicationShutdownHook HikariPool-1 - Shutdown initiated...
2024-04-12 17:04:31,796 [INFO] com.zaxxer.hikari.HikariDataSource SpringApplicationShutdownHook HikariPool-1 - Shutdown completed.
[31m2024-04-12 17:06:19,140[0;39m [32m[INFO][0;39m com.payment.webservices.WebservicesApplication restartedMain [32mStarting WebservicesApplication using Java 1.8.0_292 on WPG02VB46 with PID 12484 (C:\DLTE-JavaFullStack-EekshaJain-2024\DLTE-Java\EmployeeDetails\PaymentWebservice\target\classes started by xxjainne in C:\DLTE-JavaFullStack-EekshaJain-2024\DLTE-Java\EmployeeDetails\PaymentWebservice)
[0;39m[31m2024-04-12 17:06:19,140[0;39m [32m[INFO][0;39m com.payment.webservices.WebservicesApplication restartedMain [32mNo active profile set, falling back to 1 default profile: "default"
[0;39m[31m2024-04-12 17:06:19,234[0;39m [32m[INFO][0;39m org.springframework.boot.devtools.restart.ChangeableUrls restartedMain [32mThe Class-Path manifest attribute in C:\Users\xxjainne\.m2\repository\com\oracle\database\security\oraclepki\21.5.0.0\oraclepki-21.5.0.0.jar referenced one or more files that do not exist: file:/C:/Users/xxjainne/.m2/repository/com/oracle/database/security/oraclepki/21.5.0.0/osdt_core.jar,file:/C:/Users/xxjainne/.m2/repository/com/oracle/database/security/oraclepki/21.5.0.0/osdt_cert.jar,file:/C:/Users/xxjainne/.m2/repository/com/oracle/database/security/oraclepki/oracle.osdt/osdt_core.jar,file:/C:/Users/xxjainne/.m2/repository/com/oracle/database/security/oraclepki/oracle.osdt/osdt_cert.jar
[0;39m[31m2024-04-12 17:06:19,234[0;39m [32m[INFO][0;39m org.springframework.boot.devtools.env.DevToolsPropertyDefaultsPostProcessor restartedMain [32mDevtools property defaults active! Set 'spring.devtools.add-properties' to 'false' to disable
[0;39m[31m2024-04-12 17:06:19,234[0;39m [32m[INFO][0;39m org.springframework.boot.devtools.env.DevToolsPropertyDefaultsPostProcessor restartedMain [32mFor additional web related logging consider setting the 'logging.level.web' property to 'DEBUG'
[0;39m[31m2024-04-12 17:06:20,787[0;39m [32m[INFO][0;39m org.springframework.data.repository.config.RepositoryConfigurationDelegate restartedMain [32mBootstrapping Spring Data JDBC repositories in DEFAULT mode.
[0;39m[31m2024-04-12 17:06:20,809[0;39m [32m[INFO][0;39m org.springframework.data.repository.config.RepositoryConfigurationDelegate restartedMain [32mFinished Spring Data repository scanning in 16 ms. Found 0 JDBC repository interfaces.
[0;39m[31m2024-04-12 17:06:21,140[0;39m [32m[INFO][0;39m org.springframework.context.support.PostProcessorRegistrationDelegate$BeanPostProcessorChecker restartedMain [32mBean 'org.springframework.ws.config.annotation.DelegatingWsConfiguration' of type [org.springframework.ws.config.annotation.DelegatingWsConfiguration$$EnhancerBySpringCGLIB$$bdc745fd] is not eligible for getting processed by all BeanPostProcessors (for example: not eligible for auto-proxying)
[0;39m[31m2024-04-12 17:06:21,234[0;39m [32m[INFO][0;39m org.springframework.ws.soap.addressing.server.AnnotationActionEndpointMapping restartedMain [32mSupporting [WS-Addressing August 2004, WS-Addressing 1.0]
[0;39m[31m2024-04-12 17:06:21,919[0;39m [32m[INFO][0;39m org.springframework.boot.web.embedded.tomcat.TomcatWebServer restartedMain [32mTomcat initialized with port(s): 8085 (http)
[0;39m[31m2024-04-12 17:06:21,945[0;39m [32m[INFO][0;39m org.apache.catalina.core.StandardService restartedMain [32mStarting service [Tomcat]
[0;39m[31m2024-04-12 17:06:21,961[0;39m [32m[INFO][0;39m org.apache.catalina.core.StandardEngine restartedMain [32mStarting Servlet engine: [Apache Tomcat/9.0.73]
[0;39m[31m2024-04-12 17:06:22,325[0;39m [32m[INFO][0;39m org.apache.catalina.core.ContainerBase.[Tomcat].[localhost].[/] restartedMain [32mInitializing Spring embedded WebApplicationContext
[0;39m[31m2024-04-12 17:06:22,330[0;39m [32m[INFO][0;39m org.springframework.boot.web.servlet.context.ServletWebServerApplicationContext restartedMain [32mRoot WebApplicationContext: initialization completed in 3096 ms
[0;39m[31m2024-04-12 17:06:25,223[0;39m [32m[INFO][0;39m com.zaxxer.hikari.HikariDataSource restartedMain [32mHikariPool-1 - Starting...
[0;39m[31m2024-04-12 17:06:25,223[0;39m [32m[WARN][0;39m com.zaxxer.hikari.util.DriverDataSource restartedMain [32mRegistered driver with driverClassName=oracle.jdbc.driver.OracleDriver was not found, trying direct instantiation.
[0;39m[31m2024-04-12 17:06:25,408[0;39m [32m[INFO][0;39m com.zaxxer.hikari.pool.PoolBase restartedMain [32mHikariPool-1 - Driver does not support get/set network timeout for connections. (oracle.jdbc.driver.T4CConnection.getNetworkTimeout()I)
[0;39m[31m2024-04-12 17:06:25,408[0;39m [32m[INFO][0;39m com.zaxxer.hikari.HikariDataSource restartedMain [32mHikariPool-1 - Start completed.
[0;39m[31m2024-04-12 17:06:25,549[0;39m [32m[WARN][0;39m org.springframework.boot.devtools.autoconfigure.OptionalLiveReloadServer restartedMain [32mUnable to start LiveReload server
[0;39m[31m2024-04-12 17:06:25,580[0;39m [32m[WARN][0;39m org.springframework.boot.web.servlet.context.AnnotationConfigServletWebServerApplicationContext restartedMain [32mException encountered during context initialization - cancelling refresh attempt: org.springframework.context.ApplicationContextException: Failed to start bean 'webServerStartStop'; nested exception is org.springframework.boot.web.server.PortInUseException: Port 8085 is already in use
[0;39m[31m2024-04-12 17:06:25,596[0;39m [32m[INFO][0;39m com.zaxxer.hikari.HikariDataSource restartedMain [32mHikariPool-1 - Shutdown initiated...
[0;39m[31m2024-04-12 17:06:25,624[0;39m [32m[INFO][0;39m com.zaxxer.hikari.HikariDataSource restartedMain [32mHikariPool-1 - Shutdown completed.
[0;39m[31m2024-04-12 17:06:25,628[0;39m [32m[INFO][0;39m org.apache.catalina.core.StandardService restartedMain [32mStopping service [Tomcat]
[0;39m[31m2024-04-12 17:06:25,643[0;39m [32m[INFO][0;39m org.springframework.boot.autoconfigure.logging.ConditionEvaluationReportLoggingListener restartedMain [32m

Error starting ApplicationContext. To display the conditions report re-run your application with 'debug' enabled.
[0;39m[31m2024-04-12 17:06:25,674[0;39m [32m[ERROR][0;39m org.springframework.boot.diagnostics.LoggingFailureAnalysisReporter restartedMain [32m

***************************
APPLICATION FAILED TO START
***************************

Description:

Web server failed to start. Port 8085 was already in use.

Action:

Identify and stop the process that's listening on port 8085 or configure this application to listen on another port.

[0;39m[31m2024-04-12 17:06:49,242[0;39m [32m[INFO][0;39m com.payment.webservices.WebservicesApplication restartedMain [32mStarting WebservicesApplication using Java 1.8.0_292 on WPG02VB46 with PID 7456 (C:\DLTE-JavaFullStack-EekshaJain-2024\DLTE-Java\EmployeeDetails\PaymentWebservice\target\classes started by xxjainne in C:\DLTE-JavaFullStack-EekshaJain-2024\DLTE-Java\EmployeeDetails\PaymentWebservice)
[0;39m[31m2024-04-12 17:06:49,242[0;39m [32m[INFO][0;39m com.payment.webservices.WebservicesApplication restartedMain [32mNo active profile set, falling back to 1 default profile: "default"
[0;39m[31m2024-04-12 17:06:49,289[0;39m [32m[INFO][0;39m org.springframework.boot.devtools.restart.ChangeableUrls restartedMain [32mThe Class-Path manifest attribute in C:\Users\xxjainne\.m2\repository\com\oracle\database\security\oraclepki\21.5.0.0\oraclepki-21.5.0.0.jar referenced one or more files that do not exist: file:/C:/Users/xxjainne/.m2/repository/com/oracle/database/security/oraclepki/21.5.0.0/osdt_core.jar,file:/C:/Users/xxjainne/.m2/repository/com/oracle/database/security/oraclepki/21.5.0.0/osdt_cert.jar,file:/C:/Users/xxjainne/.m2/repository/com/oracle/database/security/oraclepki/oracle.osdt/osdt_core.jar,file:/C:/Users/xxjainne/.m2/repository/com/oracle/database/security/oraclepki/oracle.osdt/osdt_cert.jar
[0;39m[31m2024-04-12 17:06:49,289[0;39m [32m[INFO][0;39m org.springframework.boot.devtools.env.DevToolsPropertyDefaultsPostProcessor restartedMain [32mDevtools property defaults active! Set 'spring.devtools.add-properties' to 'false' to disable
[0;39m[31m2024-04-12 17:06:49,289[0;39m [32m[INFO][0;39m org.springframework.boot.devtools.env.DevToolsPropertyDefaultsPostProcessor restartedMain [32mFor additional web related logging consider setting the 'logging.level.web' property to 'DEBUG'
[0;39m[31m2024-04-12 17:06:49,936[0;39m [32m[INFO][0;39m org.springframework.data.repository.config.RepositoryConfigurationDelegate restartedMain [32mBootstrapping Spring Data JDBC repositories in DEFAULT mode.
[0;39m[31m2024-04-12 17:06:49,944[0;39m [32m[INFO][0;39m org.springframework.data.repository.config.RepositoryConfigurationDelegate restartedMain [32mFinished Spring Data repository scanning in 6 ms. Found 0 JDBC repository interfaces.
[0;39m[31m2024-04-12 17:06:50,092[0;39m [32m[INFO][0;39m org.springframework.context.support.PostProcessorRegistrationDelegate$BeanPostProcessorChecker restartedMain [32mBean 'org.springframework.ws.config.annotation.DelegatingWsConfiguration' of type [org.springframework.ws.config.annotation.DelegatingWsConfiguration$$EnhancerBySpringCGLIB$$7cd8f24b] is not eligible for getting processed by all BeanPostProcessors (for example: not eligible for auto-proxying)
[0;39m[31m2024-04-12 17:06:50,123[0;39m [32m[INFO][0;39m org.springframework.ws.soap.addressing.server.AnnotationActionEndpointMapping restartedMain [32mSupporting [WS-Addressing August 2004, WS-Addressing 1.0]
[0;39m[31m2024-04-12 17:06:50,407[0;39m [32m[INFO][0;39m org.springframework.boot.web.embedded.tomcat.TomcatWebServer restartedMain [32mTomcat initialized with port(s): 8085 (http)
[0;39m[31m2024-04-12 17:06:50,407[0;39m [32m[INFO][0;39m org.apache.catalina.core.StandardService restartedMain [32mStarting service [Tomcat]
[0;39m[31m2024-04-12 17:06:50,407[0;39m [32m[INFO][0;39m org.apache.catalina.core.StandardEngine restartedMain [32mStarting Servlet engine: [Apache Tomcat/9.0.73]
[0;39m[31m2024-04-12 17:06:50,548[0;39m [32m[INFO][0;39m org.apache.catalina.core.ContainerBase.[Tomcat].[localhost].[/] restartedMain [32mInitializing Spring embedded WebApplicationContext
[0;39m[31m2024-04-12 17:06:50,548[0;39m [32m[INFO][0;39m org.springframework.boot.web.servlet.context.ServletWebServerApplicationContext restartedMain [32mRoot WebApplicationContext: initialization completed in 1259 ms
[0;39m[31m2024-04-12 17:06:51,304[0;39m [32m[INFO][0;39m com.zaxxer.hikari.HikariDataSource restartedMain [32mHikariPool-1 - Starting...
[0;39m[31m2024-04-12 17:06:51,304[0;39m [32m[WARN][0;39m com.zaxxer.hikari.util.DriverDataSource restartedMain [32mRegistered driver with driverClassName=oracle.jdbc.driver.OracleDriver was not found, trying direct instantiation.
[0;39m[31m2024-04-12 17:06:51,399[0;39m [32m[INFO][0;39m com.zaxxer.hikari.pool.PoolBase restartedMain [32mHikariPool-1 - Driver does not support get/set network timeout for connections. (oracle.jdbc.driver.T4CConnection.getNetworkTimeout()I)
[0;39m[31m2024-04-12 17:06:51,399[0;39m [32m[INFO][0;39m com.zaxxer.hikari.HikariDataSource restartedMain [32mHikariPool-1 - Start completed.
[0;39m[31m2024-04-12 17:06:51,493[0;39m [32m[INFO][0;39m org.springframework.boot.devtools.autoconfigure.OptionalLiveReloadServer restartedMain [32mLiveReload server is running on port 35729
[0;39m[31m2024-04-12 17:06:51,540[0;39m [32m[INFO][0;39m org.springframework.boot.web.embedded.tomcat.TomcatWebServer restartedMain [32mTomcat started on port(s): 8085 (http) with context path ''
[0;39m[31m2024-04-12 17:06:51,556[0;39m [32m[INFO][0;39m com.payment.webservices.WebservicesApplication restartedMain [32mStarted WebservicesApplication in 2.665 seconds (JVM running for 3.384)
[0;39m[31m2024-04-12 17:06:59,998[0;39m [32m[INFO][0;39m org.apache.catalina.core.ContainerBase.[Tomcat].[localhost].[/] http-nio-8085-exec-4 [32mInitializing Spring DispatcherServlet 'dispatcherServlet'
[0;39m[31m2024-04-12 17:06:59,998[0;39m [32m[INFO][0;39m org.springframework.web.servlet.DispatcherServlet http-nio-8085-exec-4 [32mInitializing Servlet 'dispatcherServlet'
[0;39m[31m2024-04-12 17:06:59,998[0;39m [32m[INFO][0;39m org.springframework.web.servlet.DispatcherServlet http-nio-8085-exec-4 [32mCompleted initialization in 0 ms
[0;39m[31m2024-04-12 17:07:00,183[0;39m [32m[WARN][0;39m org.springframework.web.servlet.mvc.method.annotation.ExceptionHandlerExceptionResolver http-nio-8085-exec-4 [32mResolved [org.springframework.web.bind.MethodArgumentNotValidException: Validation failed for argument [0] in public org.springframework.http.ResponseEntity<java.lang.String> com.payment.webservices.controller.PaymentRestController.newTransactions(com.paymentdao.payment.entity.Transaction) with 2 errors: [Field error in object 'transaction' on field 'transactionFrom': rejected value [543297583721000]; codes [Digits.transaction.transactionFrom,Digits.transactionFrom,Digits.long,Digits]; arguments [org.springframework.context.support.DefaultMessageSourceResolvable: codes [transaction.transactionFrom,transactionFrom]; arguments []; default message [transactionFrom],0,12]; default message [Account number must have 12 digits]] [Field error in object 'transaction' on field 'transactionTo': rejected value [543216789034000]; codes [Digits.transaction.transactionTo,Digits.transactionTo,Digits.long,Digits]; arguments [org.springframework.context.support.DefaultMessageSourceResolvable: codes [transaction.transactionTo,transactionTo]; arguments []; default message [transactionTo],0,12]; default message [Account number must have 12 digits]] ]
[0;39m[31m2024-04-12 17:07:06,194[0;39m [32m[INFO][0;39m com.payment.webservices.controller.PaymentRestController http-nio-8085-exec-2 [32mTransaction successful to 543216789034
[0;39m