2024-04-19 08:11:46,523 [INFO] com.employeedao.employee.EmployeeTest main Starting EmployeeTest using Java 1.8.0_292 on WPG02VB46 with PID 7236 (started by xxjainne in C:\DLTE-JavaFullStack-EekshaJain-2024\DLTE-Java\EmployeeDetails\JdbcEmployee)
2024-04-19 08:11:46,523 [INFO] com.employeedao.employee.EmployeeTest main No active profile set, falling back to 1 default profile: "default"
2024-04-19 08:11:46,901 [INFO] org.springframework.data.repository.config.RepositoryConfigurationDelegate main Bootstrapping Spring Data JDBC repositories in DEFAULT mode.
2024-04-19 08:11:46,901 [INFO] org.springframework.data.repository.config.RepositoryConfigurationDelegate main Finished Spring Data repository scanning in 6 ms. Found 0 JDBC repository interfaces.
2024-04-19 08:11:47,465 [INFO] com.zaxxer.hikari.HikariDataSource main HikariPool-1 - Starting...
2024-04-19 08:11:47,465 [WARN] com.zaxxer.hikari.util.DriverDataSource main Registered driver with driverClassName=oracle.jdbc.driver.OracleDriver was not found, trying direct instantiation.
2024-04-19 08:11:47,907 [INFO] com.zaxxer.hikari.pool.PoolBase main HikariPool-1 - Driver does not support get/set network timeout for connections. (oracle.jdbc.driver.T4CConnection.getNetworkTimeout()I)
2024-04-19 08:11:47,907 [INFO] com.zaxxer.hikari.HikariDataSource main HikariPool-1 - Start completed.
2024-04-19 08:11:48,065 [INFO] com.employeedao.employee.EmployeeTest main Started EmployeeTest in 1.884 seconds (JVM running for 3.877)
2024-04-19 08:11:48,160 [INFO] com.zaxxer.hikari.HikariDataSource SpringApplicationShutdownHook HikariPool-1 - Shutdown initiated...
2024-04-19 08:11:48,191 [INFO] com.zaxxer.hikari.HikariDataSource SpringApplicationShutdownHook HikariPool-1 - Shutdown completed.
2024-04-19 09:02:39,386 [INFO] com.employeedao.employee.EmployeeApplicationTests main Starting EmployeeApplicationTests using Java 1.8.0_292 on WPG02VB46 with PID 18264 (started by xxjainne in C:\DLTE-JavaFullStack-EekshaJain-2024\DLTE-Java\EmployeeDetails\JdbcEmployee)
2024-04-19 09:02:39,386 [INFO] com.employeedao.employee.EmployeeApplicationTests main No active profile set, falling back to 1 default profile: "default"
2024-04-19 09:02:39,763 [INFO] org.springframework.data.repository.config.RepositoryConfigurationDelegate main Bootstrapping Spring Data JDBC repositories in DEFAULT mode.
2024-04-19 09:02:39,779 [INFO] org.springframework.data.repository.config.RepositoryConfigurationDelegate main Finished Spring Data repository scanning in 7 ms. Found 0 JDBC repository interfaces.
2024-04-19 09:02:40,344 [INFO] com.zaxxer.hikari.HikariDataSource main HikariPool-1 - Starting...
2024-04-19 09:02:40,359 [WARN] com.zaxxer.hikari.util.DriverDataSource main Registered driver with driverClassName=oracle.jdbc.driver.OracleDriver was not found, trying direct instantiation.
2024-04-19 09:02:40,721 [INFO] com.zaxxer.hikari.pool.PoolBase main HikariPool-1 - Driver does not support get/set network timeout for connections. (oracle.jdbc.driver.T4CConnection.getNetworkTimeout()I)
2024-04-19 09:02:40,721 [INFO] com.zaxxer.hikari.HikariDataSource main HikariPool-1 - Start completed.
2024-04-19 09:02:40,926 [INFO] com.employeedao.employee.EmployeeApplicationTests main Started EmployeeApplicationTests in 1.864 seconds (JVM running for 4.139)
2024-04-19 09:02:41,030 [INFO] com.zaxxer.hikari.HikariDataSource SpringApplicationShutdownHook HikariPool-1 - Shutdown initiated...
2024-04-19 09:02:41,037 [INFO] com.zaxxer.hikari.HikariDataSource SpringApplicationShutdownHook HikariPool-1 - Shutdown completed.
2024-04-19 09:03:13,786 [INFO] com.employeedao.employee.EmployeeApplicationTests main Starting EmployeeApplicationTests using Java 1.8.0_292 on WPG02VB46 with PID 13988 (started by xxjainne in C:\DLTE-JavaFullStack-EekshaJain-2024\DLTE-Java\EmployeeDetails\JdbcEmployee)
2024-04-19 09:03:13,802 [INFO] com.employeedao.employee.EmployeeApplicationTests main No active profile set, falling back to 1 default profile: "default"
2024-04-19 09:03:14,100 [INFO] org.springframework.data.repository.config.RepositoryConfigurationDelegate main Bootstrapping Spring Data JDBC repositories in DEFAULT mode.
2024-04-19 09:03:14,116 [INFO] org.springframework.data.repository.config.RepositoryConfigurationDelegate main Finished Spring Data repository scanning in 8 ms. Found 0 JDBC repository interfaces.
2024-04-19 09:03:14,540 [INFO] com.zaxxer.hikari.HikariDataSource main HikariPool-1 - Starting...
2024-04-19 09:03:14,552 [WARN] com.zaxxer.hikari.util.DriverDataSource main Registered driver with driverClassName=oracle.jdbc.driver.OracleDriver was not found, trying direct instantiation.
2024-04-19 09:03:14,854 [INFO] com.zaxxer.hikari.pool.PoolBase main HikariPool-1 - Driver does not support get/set network timeout for connections. (oracle.jdbc.driver.T4CConnection.getNetworkTimeout()I)
2024-04-19 09:03:14,854 [INFO] com.zaxxer.hikari.HikariDataSource main HikariPool-1 - Start completed.
2024-04-19 09:03:14,979 [INFO] com.employeedao.employee.EmployeeApplicationTests main Started EmployeeApplicationTests in 1.454 seconds (JVM running for 3.326)
2024-04-19 09:03:15,073 [INFO] com.zaxxer.hikari.HikariDataSource SpringApplicationShutdownHook HikariPool-1 - Shutdown initiated...
2024-04-19 09:03:15,089 [INFO] com.zaxxer.hikari.HikariDataSource SpringApplicationShutdownHook HikariPool-1 - Shutdown completed.
2024-04-19 09:03:54,466 [INFO] com.employeedao.employee.EmployeeApplicationTests main Starting EmployeeApplicationTests using Java 1.8.0_292 on WPG02VB46 with PID 19808 (started by xxjainne in C:\DLTE-JavaFullStack-EekshaJain-2024\DLTE-Java\EmployeeDetails\JdbcEmployee)
2024-04-19 09:03:54,466 [INFO] com.employeedao.employee.EmployeeApplicationTests main No active profile set, falling back to 1 default profile: "default"
2024-04-19 09:03:54,780 [INFO] org.springframework.data.repository.config.RepositoryConfigurationDelegate main Bootstrapping Spring Data JDBC repositories in DEFAULT mode.
2024-04-19 09:03:54,796 [INFO] org.springframework.data.repository.config.RepositoryConfigurationDelegate main Finished Spring Data repository scanning in 6 ms. Found 0 JDBC repository interfaces.
2024-04-19 09:03:55,220 [INFO] com.zaxxer.hikari.HikariDataSource main HikariPool-1 - Starting...
2024-04-19 09:03:55,220 [WARN] com.zaxxer.hikari.util.DriverDataSource main Registered driver with driverClassName=oracle.jdbc.driver.OracleDriver was not found, trying direct instantiation.
2024-04-19 09:03:55,542 [INFO] com.zaxxer.hikari.pool.PoolBase main HikariPool-1 - Driver does not support get/set network timeout for connections. (oracle.jdbc.driver.T4CConnection.getNetworkTimeout()I)
2024-04-19 09:03:55,551 [INFO] com.zaxxer.hikari.HikariDataSource main HikariPool-1 - Start completed.
2024-04-19 09:03:55,676 [INFO] com.employeedao.employee.EmployeeApplicationTests main Started EmployeeApplicationTests in 1.47 seconds (JVM running for 3.398)
2024-04-19 09:03:55,771 [INFO] com.zaxxer.hikari.HikariDataSource SpringApplicationShutdownHook HikariPool-1 - Shutdown initiated...
2024-04-19 09:03:55,794 [INFO] com.zaxxer.hikari.HikariDataSource SpringApplicationShutdownHook HikariPool-1 - Shutdown completed.
2024-04-19 09:04:48,296 [INFO] com.employeedao.employee.EmployeeApplicationTests main Starting EmployeeApplicationTests using Java 1.8.0_292 on WPG02VB46 with PID 14852 (started by xxjainne in C:\DLTE-JavaFullStack-EekshaJain-2024\DLTE-Java\EmployeeDetails\JdbcEmployee)
2024-04-19 09:04:48,296 [INFO] com.employeedao.employee.EmployeeApplicationTests main No active profile set, falling back to 1 default profile: "default"
2024-04-19 09:04:48,617 [INFO] org.springframework.data.repository.config.RepositoryConfigurationDelegate main Bootstrapping Spring Data JDBC repositories in DEFAULT mode.
2024-04-19 09:04:48,626 [INFO] org.springframework.data.repository.config.RepositoryConfigurationDelegate main Finished Spring Data repository scanning in 6 ms. Found 0 JDBC repository interfaces.
2024-04-19 09:04:49,082 [INFO] com.zaxxer.hikari.HikariDataSource main HikariPool-1 - Starting...
2024-04-19 09:04:49,082 [WARN] com.zaxxer.hikari.util.DriverDataSource main Registered driver with driverClassName=oracle.jdbc.driver.OracleDriver was not found, trying direct instantiation.
2024-04-19 09:04:49,398 [INFO] com.zaxxer.hikari.pool.PoolBase main HikariPool-1 - Driver does not support get/set network timeout for connections. (oracle.jdbc.driver.T4CConnection.getNetworkTimeout()I)
2024-04-19 09:04:49,398 [INFO] com.zaxxer.hikari.HikariDataSource main HikariPool-1 - Start completed.
2024-04-19 09:04:49,523 [INFO] com.employeedao.employee.EmployeeApplicationTests main Started EmployeeApplicationTests in 1.468 seconds (JVM running for 3.182)
2024-04-19 09:04:49,608 [INFO] com.zaxxer.hikari.HikariDataSource SpringApplicationShutdownHook HikariPool-1 - Shutdown initiated...
2024-04-19 09:04:49,609 [INFO] com.zaxxer.hikari.HikariDataSource SpringApplicationShutdownHook HikariPool-1 - Shutdown completed.
2024-04-19 09:04:57,751 [INFO] com.employeedao.employee.EmployeeApplicationTests main Starting EmployeeApplicationTests using Java 1.8.0_292 on WPG02VB46 with PID 16680 (started by xxjainne in C:\DLTE-JavaFullStack-EekshaJain-2024\DLTE-Java\EmployeeDetails\JdbcEmployee)
2024-04-19 09:04:57,751 [INFO] com.employeedao.employee.EmployeeApplicationTests main No active profile set, falling back to 1 default profile: "default"
2024-04-19 09:04:58,018 [INFO] org.springframework.data.repository.config.RepositoryConfigurationDelegate main Bootstrapping Spring Data JDBC repositories in DEFAULT mode.
2024-04-19 09:04:58,033 [INFO] org.springframework.data.repository.config.RepositoryConfigurationDelegate main Finished Spring Data repository scanning in 6 ms. Found 0 JDBC repository interfaces.
2024-04-19 09:04:58,494 [INFO] com.zaxxer.hikari.HikariDataSource main HikariPool-1 - Starting...
2024-04-19 09:04:58,505 [WARN] com.zaxxer.hikari.util.DriverDataSource main Registered driver with driverClassName=oracle.jdbc.driver.OracleDriver was not found, trying direct instantiation.
2024-04-19 09:04:58,804 [INFO] com.zaxxer.hikari.pool.PoolBase main HikariPool-1 - Driver does not support get/set network timeout for connections. (oracle.jdbc.driver.T4CConnection.getNetworkTimeout()I)
2024-04-19 09:04:58,820 [INFO] com.zaxxer.hikari.HikariDataSource main HikariPool-1 - Start completed.
2024-04-19 09:04:58,945 [INFO] com.employeedao.employee.EmployeeApplicationTests main Started EmployeeApplicationTests in 1.442 seconds (JVM running for 3.195)
2024-04-19 09:04:59,039 [INFO] com.zaxxer.hikari.HikariDataSource SpringApplicationShutdownHook HikariPool-1 - Shutdown initiated...
2024-04-19 09:04:59,071 [INFO] com.zaxxer.hikari.HikariDataSource SpringApplicationShutdownHook HikariPool-1 - Shutdown completed.
2024-04-19 09:05:51,738 [INFO] com.employeedao.employee.EmployeeApplicationTests main Starting EmployeeApplicationTests using Java 1.8.0_292 on WPG02VB46 with PID 8940 (started by xxjainne in C:\DLTE-JavaFullStack-EekshaJain-2024\DLTE-Java\EmployeeDetails\JdbcEmployee)
2024-04-19 09:05:51,753 [INFO] com.employeedao.employee.EmployeeApplicationTests main No active profile set, falling back to 1 default profile: "default"
2024-04-19 09:05:52,005 [INFO] org.springframework.data.repository.config.RepositoryConfigurationDelegate main Bootstrapping Spring Data JDBC repositories in DEFAULT mode.
2024-04-19 09:05:52,020 [INFO] org.springframework.data.repository.config.RepositoryConfigurationDelegate main Finished Spring Data repository scanning in 6 ms. Found 0 JDBC repository interfaces.
2024-04-19 09:05:52,444 [INFO] com.zaxxer.hikari.HikariDataSource main HikariPool-1 - Starting...
2024-04-19 09:05:52,444 [WARN] com.zaxxer.hikari.util.DriverDataSource main Registered driver with driverClassName=oracle.jdbc.driver.OracleDriver was not found, trying direct instantiation.
2024-04-19 09:05:52,791 [INFO] com.zaxxer.hikari.pool.PoolBase main HikariPool-1 - Driver does not support get/set network timeout for connections. (oracle.jdbc.driver.T4CConnection.getNetworkTimeout()I)
2024-04-19 09:05:52,794 [INFO] com.zaxxer.hikari.HikariDataSource main HikariPool-1 - Start completed.
2024-04-19 09:05:52,917 [INFO] com.employeedao.employee.EmployeeApplicationTests main Started EmployeeApplicationTests in 1.43 seconds (JVM running for 3.474)
2024-04-19 09:05:53,012 [INFO] com.zaxxer.hikari.HikariDataSource SpringApplicationShutdownHook HikariPool-1 - Shutdown initiated...
2024-04-19 09:05:53,027 [INFO] com.zaxxer.hikari.HikariDataSource SpringApplicationShutdownHook HikariPool-1 - Shutdown completed.
2024-04-19 09:06:13,619 [INFO] com.employeedao.employee.EmployeeApplicationTests main Starting EmployeeApplicationTests using Java 1.8.0_292 on WPG02VB46 with PID 17500 (started by xxjainne in C:\DLTE-JavaFullStack-EekshaJain-2024\DLTE-Java\EmployeeDetails\JdbcEmployee)
2024-04-19 09:06:13,619 [INFO] com.employeedao.employee.EmployeeApplicationTests main No active profile set, falling back to 1 default profile: "default"
2024-04-19 09:06:13,902 [INFO] org.springframework.data.repository.config.RepositoryConfigurationDelegate main Bootstrapping Spring Data JDBC repositories in DEFAULT mode.
2024-04-19 09:06:13,918 [INFO] org.springframework.data.repository.config.RepositoryConfigurationDelegate main Finished Spring Data repository scanning in 6 ms. Found 0 JDBC repository interfaces.
2024-04-19 09:06:14,342 [INFO] com.zaxxer.hikari.HikariDataSource main HikariPool-1 - Starting...
2024-04-19 09:06:14,357 [WARN] com.zaxxer.hikari.util.DriverDataSource main Registered driver with driverClassName=oracle.jdbc.driver.OracleDriver was not found, trying direct instantiation.
2024-04-19 09:06:14,656 [INFO] com.zaxxer.hikari.pool.PoolBase main HikariPool-1 - Driver does not support get/set network timeout for connections. (oracle.jdbc.driver.T4CConnection.getNetworkTimeout()I)
2024-04-19 09:06:14,671 [INFO] com.zaxxer.hikari.HikariDataSource main HikariPool-1 - Start completed.
2024-04-19 09:06:14,797 [INFO] com.employeedao.employee.EmployeeApplicationTests main Started EmployeeApplicationTests in 1.426 seconds (JVM running for 3.097)
2024-04-19 09:06:14,892 [INFO] com.zaxxer.hikari.HikariDataSource SpringApplicationShutdownHook HikariPool-1 - Shutdown initiated...
2024-04-19 09:06:14,907 [INFO] com.zaxxer.hikari.HikariDataSource SpringApplicationShutdownHook HikariPool-1 - Shutdown completed.
2024-04-19 09:20:28,544 [INFO] com.employeedao.employee.EmployeeApplicationTests main Starting EmployeeApplicationTests using Java 1.8.0_292 on WPG02VB46 with PID 9180 (started by xxjainne in C:\DLTE-JavaFullStack-EekshaJain-2024\DLTE-Java\EmployeeDetails\JdbcEmployee)
2024-04-19 09:20:28,544 [INFO] com.employeedao.employee.EmployeeApplicationTests main No active profile set, falling back to 1 default profile: "default"
2024-04-19 09:20:28,890 [INFO] org.springframework.data.repository.config.RepositoryConfigurationDelegate main Bootstrapping Spring Data JDBC repositories in DEFAULT mode.
2024-04-19 09:20:28,890 [INFO] org.springframework.data.repository.config.RepositoryConfigurationDelegate main Finished Spring Data repository scanning in 7 ms. Found 0 JDBC repository interfaces.
2024-04-19 09:20:29,393 [INFO] com.zaxxer.hikari.HikariDataSource main HikariPool-1 - Starting...
2024-04-19 09:20:29,393 [WARN] com.zaxxer.hikari.util.DriverDataSource main Registered driver with driverClassName=oracle.jdbc.driver.OracleDriver was not found, trying direct instantiation.
2024-04-19 09:20:29,724 [INFO] com.zaxxer.hikari.pool.PoolBase main HikariPool-1 - Driver does not support get/set network timeout for connections. (oracle.jdbc.driver.T4CConnection.getNetworkTimeout()I)
2024-04-19 09:20:29,724 [INFO] com.zaxxer.hikari.HikariDataSource main HikariPool-1 - Start completed.
2024-04-19 09:20:29,880 [INFO] com.employeedao.employee.EmployeeApplicationTests main Started EmployeeApplicationTests in 1.573 seconds (JVM running for 3.513)
2024-04-19 09:20:29,965 [INFO] com.zaxxer.hikari.HikariDataSource SpringApplicationShutdownHook HikariPool-1 - Shutdown initiated...
2024-04-19 09:20:29,976 [INFO] com.zaxxer.hikari.HikariDataSource SpringApplicationShutdownHook HikariPool-1 - Shutdown completed.
2024-04-19 09:22:00,838 [INFO] com.employeedao.employee.EmployeeApplicationTests main Starting EmployeeApplicationTests using Java 1.8.0_292 on WPG02VB46 with PID 11044 (started by xxjainne in C:\DLTE-JavaFullStack-EekshaJain-2024\DLTE-Java\EmployeeDetails\JdbcEmployee)
2024-04-19 09:22:00,838 [INFO] com.employeedao.employee.EmployeeApplicationTests main No active profile set, falling back to 1 default profile: "default"
2024-04-19 09:22:01,168 [INFO] org.springframework.data.repository.config.RepositoryConfigurationDelegate main Bootstrapping Spring Data JDBC repositories in DEFAULT mode.
2024-04-19 09:22:01,168 [INFO] org.springframework.data.repository.config.RepositoryConfigurationDelegate main Finished Spring Data repository scanning in 5 ms. Found 0 JDBC repository interfaces.
2024-04-19 09:22:01,718 [INFO] com.zaxxer.hikari.HikariDataSource main HikariPool-1 - Starting...
2024-04-19 09:22:01,718 [WARN] com.zaxxer.hikari.util.DriverDataSource main Registered driver with driverClassName=oracle.jdbc.driver.OracleDriver was not found, trying direct instantiation.
2024-04-19 09:22:02,050 [INFO] com.zaxxer.hikari.pool.PoolBase main HikariPool-1 - Driver does not support get/set network timeout for connections. (oracle.jdbc.driver.T4CConnection.getNetworkTimeout()I)
2024-04-19 09:22:02,062 [INFO] com.zaxxer.hikari.HikariDataSource main HikariPool-1 - Start completed.
2024-04-19 09:22:02,192 [INFO] com.employeedao.employee.EmployeeApplicationTests main Started EmployeeApplicationTests in 1.645 seconds (JVM running for 3.656)
2024-04-19 09:22:02,285 [INFO] com.zaxxer.hikari.HikariDataSource SpringApplicationShutdownHook HikariPool-1 - Shutdown initiated...
2024-04-19 09:22:02,301 [INFO] com.zaxxer.hikari.HikariDataSource SpringApplicationShutdownHook HikariPool-1 - Shutdown completed.
2024-04-19 09:25:51,682 [INFO] com.employeedao.employee.EmployeeTest main Starting EmployeeTest using Java 1.8.0_292 on WPG02VB46 with PID 10484 (started by xxjainne in C:\DLTE-JavaFullStack-EekshaJain-2024\DLTE-Java\EmployeeDetails\JdbcEmployee)
2024-04-19 09:25:51,682 [INFO] com.employeedao.employee.EmployeeTest main No active profile set, falling back to 1 default profile: "default"
2024-04-19 09:25:51,964 [INFO] org.springframework.data.repository.config.RepositoryConfigurationDelegate main Bootstrapping Spring Data JDBC repositories in DEFAULT mode.
2024-04-19 09:25:51,980 [INFO] org.springframework.data.repository.config.RepositoryConfigurationDelegate main Finished Spring Data repository scanning in 6 ms. Found 0 JDBC repository interfaces.
2024-04-19 09:25:52,389 [INFO] com.zaxxer.hikari.HikariDataSource main HikariPool-1 - Starting...
2024-04-19 09:25:52,389 [WARN] com.zaxxer.hikari.util.DriverDataSource main Registered driver with driverClassName=oracle.jdbc.driver.OracleDriver was not found, trying direct instantiation.
2024-04-19 09:25:52,725 [INFO] com.zaxxer.hikari.pool.PoolBase main HikariPool-1 - Driver does not support get/set network timeout for connections. (oracle.jdbc.driver.T4CConnection.getNetworkTimeout()I)
2024-04-19 09:25:52,736 [INFO] com.zaxxer.hikari.HikariDataSource main HikariPool-1 - Start completed.
2024-04-19 09:25:52,877 [INFO] com.employeedao.employee.EmployeeTest main Started EmployeeTest in 1.443 seconds (JVM running for 3.472)
2024-04-19 09:25:52,972 [INFO] com.zaxxer.hikari.HikariDataSource SpringApplicationShutdownHook HikariPool-1 - Shutdown initiated...
2024-04-19 09:25:52,988 [INFO] com.zaxxer.hikari.HikariDataSource SpringApplicationShutdownHook HikariPool-1 - Shutdown completed.
