2024-04-16 00:28:44,247 [INFO] com.paymentdao.payment.PaymentApplicationTests main Starting PaymentApplicationTests using Java 1.8.0_292 on WPG02VB46 with PID 21700 (started by xxjainne in C:\DLTE-JavaFullStack-EekshaJain-2024\DLTE-Project\DatabaseRepository\Payment_DAO)
2024-04-16 00:28:44,310 [INFO] com.paymentdao.payment.PaymentApplicationTests main No active profile set, falling back to 1 default profile: "default"
2024-04-16 00:28:47,028 [INFO] org.springframework.data.repository.config.RepositoryConfigurationDelegate main Bootstrapping Spring Data JDBC repositories in DEFAULT mode.
2024-04-16 00:28:47,091 [INFO] org.springframework.data.repository.config.RepositoryConfigurationDelegate main Finished Spring Data repository scanning in 46 ms. Found 0 JDBC repository interfaces.
2024-04-16 00:28:55,631 [INFO] com.zaxxer.hikari.HikariDataSource main HikariPool-1 - Starting...
2024-04-16 00:28:55,653 [WARN] com.zaxxer.hikari.util.DriverDataSource main Registered driver with driverClassName=oracle.jdbc.driver.OracleDriver was not found, trying direct instantiation.
2024-04-16 00:28:57,201 [INFO] com.zaxxer.hikari.pool.PoolBase main HikariPool-1 - Driver does not support get/set network timeout for connections. (oracle.jdbc.driver.T4CConnection.getNetworkTimeout()I)
2024-04-16 00:28:57,216 [INFO] com.zaxxer.hikari.HikariDataSource main HikariPool-1 - Start completed.
2024-04-16 00:28:58,616 [INFO] org.springframework.security.web.DefaultSecurityFilterChain main Will secure any request with [org.springframework.security.web.session.DisableEncodeUrlFilter@3e214105, org.springframework.security.web.context.request.async.WebAsyncManagerIntegrationFilter@da4cf09, org.springframework.security.web.context.SecurityContextPersistenceFilter@6ecc02bb, org.springframework.security.web.header.HeaderWriterFilter@4a1a256d, org.springframework.security.web.csrf.CsrfFilter@73afe2b7, org.springframework.security.web.authentication.logout.LogoutFilter@67fa5045, org.springframework.security.web.authentication.UsernamePasswordAuthenticationFilter@3f1a9a53, org.springframework.security.web.authentication.ui.DefaultLoginPageGeneratingFilter@26865482, org.springframework.security.web.authentication.ui.DefaultLogoutPageGeneratingFilter@1980a3f, org.springframework.security.web.authentication.www.BasicAuthenticationFilter@5f8d9767, org.springframework.security.web.savedrequest.RequestCacheAwareFilter@65514add, org.springframework.security.web.servletapi.SecurityContextHolderAwareRequestFilter@773014d3, org.springframework.security.web.authentication.AnonymousAuthenticationFilter@67f63d26, org.springframework.security.web.session.SessionManagementFilter@3cdc7b09, org.springframework.security.web.access.ExceptionTranslationFilter@78910096, org.springframework.security.web.access.intercept.FilterSecurityInterceptor@7741d346]
2024-04-16 00:28:58,914 [INFO] com.paymentdao.payment.PaymentApplicationTests main Started PaymentApplicationTests in 15.744 seconds (JVM running for 22.475)
2024-04-16 00:29:02,418 [INFO] com.paymentdao.payment.service.PaymentTransferImplementation main Transaction is initiated to 987654321
2024-04-16 00:29:02,434 [INFO] com.paymentdao.payment.service.PaymentTransferImplementation main Transaction successful
2024-04-16 00:29:02,560 [INFO] com.paymentdao.payment.service.PaymentTransferImplementation main Listing all employees
2024-04-16 00:29:02,619 [INFO] com.paymentdao.payment.service.PaymentTransferImplementation main Transaction is initiated to 987654321
2024-04-16 00:29:02,624 [WARN] com.paymentdao.payment.service.PaymentTransferImplementation main Transaction failed due to:Your account has insufficient balance,Transaction failed!
2024-04-16 00:29:02,672 [INFO] com.paymentdao.payment.service.PaymentTransferImplementation main Account Number entered is 213456789654
2024-04-16 00:29:02,750 [INFO] com.zaxxer.hikari.HikariDataSource SpringApplicationShutdownHook HikariPool-1 - Shutdown initiated...
2024-04-16 00:29:02,798 [INFO] com.zaxxer.hikari.HikariDataSource SpringApplicationShutdownHook HikariPool-1 - Shutdown completed.
2024-04-16 13:44:18,968 [INFO] com.paymentdao.payment.PaymentApplicationTests main Starting PaymentApplicationTests using Java 1.8.0_292 on WPG02VB46 with PID 22428 (started by xxjainne in C:\DLTE-JavaFullStack-EekshaJain-2024\DLTE-Project\DatabaseRepository\Payment_DAO)
2024-04-16 13:44:18,981 [INFO] com.paymentdao.payment.PaymentApplicationTests main No active profile set, falling back to 1 default profile: "default"
2024-04-16 13:44:19,756 [INFO] org.springframework.data.repository.config.RepositoryConfigurationDelegate main Bootstrapping Spring Data JDBC repositories in DEFAULT mode.
2024-04-16 13:44:19,787 [INFO] org.springframework.data.repository.config.RepositoryConfigurationDelegate main Finished Spring Data repository scanning in 14 ms. Found 0 JDBC repository interfaces.
2024-04-16 13:44:21,782 [INFO] com.zaxxer.hikari.HikariDataSource main HikariPool-1 - Starting...
2024-04-16 13:44:21,790 [WARN] com.zaxxer.hikari.util.DriverDataSource main Registered driver with driverClassName=oracle.jdbc.driver.OracleDriver was not found, trying direct instantiation.
2024-04-16 13:44:22,262 [INFO] com.zaxxer.hikari.pool.PoolBase main HikariPool-1 - Driver does not support get/set network timeout for connections. (oracle.jdbc.driver.T4CConnection.getNetworkTimeout()I)
2024-04-16 13:44:22,262 [INFO] com.zaxxer.hikari.HikariDataSource main HikariPool-1 - Start completed.
2024-04-16 13:44:22,672 [INFO] org.springframework.security.web.DefaultSecurityFilterChain main Will secure any request with [org.springframework.security.web.session.DisableEncodeUrlFilter@3f1a9a53, org.springframework.security.web.context.request.async.WebAsyncManagerIntegrationFilter@1ca3d25b, org.springframework.security.web.context.SecurityContextPersistenceFilter@22bf9122, org.springframework.security.web.header.HeaderWriterFilter@6b649efa, org.springframework.security.web.csrf.CsrfFilter@4041739c, org.springframework.security.web.authentication.logout.LogoutFilter@39dec536, org.springframework.security.web.authentication.UsernamePasswordAuthenticationFilter@3fbe503c, org.springframework.security.web.authentication.ui.DefaultLoginPageGeneratingFilter@706ceca6, org.springframework.security.web.authentication.ui.DefaultLogoutPageGeneratingFilter@2287395, org.springframework.security.web.authentication.www.BasicAuthenticationFilter@3e33b52e, org.springframework.security.web.savedrequest.RequestCacheAwareFilter@73afe2b7, org.springframework.security.web.servletapi.SecurityContextHolderAwareRequestFilter@5700c9db, org.springframework.security.web.authentication.AnonymousAuthenticationFilter@535a518c, org.springframework.security.web.session.SessionManagementFilter@36068727, org.springframework.security.web.access.ExceptionTranslationFilter@6436e181, org.springframework.security.web.access.intercept.FilterSecurityInterceptor@21ae657b]
2024-04-16 13:44:22,770 [INFO] com.paymentdao.payment.PaymentApplicationTests main Started PaymentApplicationTests in 4.133 seconds (JVM running for 5.566)
2024-04-16 13:44:23,505 [INFO] com.paymentdao.payment.service.PaymentTransferImplementation main Transaction is initiated to 987654321
2024-04-16 13:44:23,505 [INFO] com.paymentdao.payment.service.PaymentTransferImplementation main Transaction successful
2024-04-16 13:44:23,536 [INFO] com.paymentdao.payment.service.PaymentTransferImplementation main Listing all employees
2024-04-16 13:44:23,552 [INFO] com.paymentdao.payment.service.PaymentTransferImplementation main Transaction is initiated to 987654321
2024-04-16 13:44:23,552 [WARN] com.paymentdao.payment.service.PaymentTransferImplementation main Transaction failed due to:Your account has insufficient balance,Transaction failed!
2024-04-16 13:44:23,559 [INFO] com.paymentdao.payment.service.PaymentTransferImplementation main Transaction is initiated to 987654321
2024-04-16 13:44:23,568 [INFO] com.paymentdao.payment.service.PaymentTransferImplementation main Account Number entered is 213456789654
2024-04-16 13:44:23,583 [INFO] com.zaxxer.hikari.HikariDataSource SpringApplicationShutdownHook HikariPool-1 - Shutdown initiated...
2024-04-16 13:44:23,599 [INFO] com.zaxxer.hikari.HikariDataSource SpringApplicationShutdownHook HikariPool-1 - Shutdown completed.
2024-04-16 14:22:19,512 [INFO] com.paymentdao.payment.PaymentApplicationTests main Starting PaymentApplicationTests using Java 1.8.0_292 on WPG02VB46 with PID 7988 (started by xxjainne in C:\DLTE-JavaFullStack-EekshaJain-2024\DLTE-Project\DatabaseRepository\Payment_DAO)
2024-04-16 14:22:19,512 [INFO] com.paymentdao.payment.PaymentApplicationTests main No active profile set, falling back to 1 default profile: "default"
2024-04-16 14:22:20,396 [INFO] org.springframework.data.repository.config.RepositoryConfigurationDelegate main Bootstrapping Spring Data JDBC repositories in DEFAULT mode.
2024-04-16 14:22:20,411 [INFO] org.springframework.data.repository.config.RepositoryConfigurationDelegate main Finished Spring Data repository scanning in 13 ms. Found 0 JDBC repository interfaces.
2024-04-16 14:22:22,781 [INFO] com.zaxxer.hikari.HikariDataSource main HikariPool-1 - Starting...
2024-04-16 14:22:22,797 [WARN] com.zaxxer.hikari.util.DriverDataSource main Registered driver with driverClassName=oracle.jdbc.driver.OracleDriver was not found, trying direct instantiation.
2024-04-16 14:22:23,223 [INFO] com.zaxxer.hikari.pool.PoolBase main HikariPool-1 - Driver does not support get/set network timeout for connections. (oracle.jdbc.driver.T4CConnection.getNetworkTimeout()I)
2024-04-16 14:22:23,223 [INFO] com.zaxxer.hikari.HikariDataSource main HikariPool-1 - Start completed.
2024-04-16 14:22:23,762 [INFO] org.springframework.security.web.DefaultSecurityFilterChain main Will secure any request with [org.springframework.security.web.session.DisableEncodeUrlFilter@6042d663, org.springframework.security.web.context.request.async.WebAsyncManagerIntegrationFilter@24043ec5, org.springframework.security.web.context.SecurityContextPersistenceFilter@6b649efa, org.springframework.security.web.header.HeaderWriterFilter@5b202ff, org.springframework.security.web.csrf.CsrfFilter@1e957e2f, org.springframework.security.web.authentication.logout.LogoutFilter@29896529, org.springframework.security.web.authentication.UsernamePasswordAuthenticationFilter@7698b7a4, org.springframework.security.web.authentication.ui.DefaultLoginPageGeneratingFilter@9687f55, org.springframework.security.web.authentication.ui.DefaultLogoutPageGeneratingFilter@3e33b52e, org.springframework.security.web.authentication.www.BasicAuthenticationFilter@4130a648, org.springframework.security.web.savedrequest.RequestCacheAwareFilter@36068727, org.springframework.security.web.servletapi.SecurityContextHolderAwareRequestFilter@3d88e6b9, org.springframework.security.web.authentication.AnonymousAuthenticationFilter@4c6a4ffd, org.springframework.security.web.session.SessionManagementFilter@e700eba, org.springframework.security.web.access.ExceptionTranslationFilter@7f85217c, org.springframework.security.web.access.intercept.FilterSecurityInterceptor@5ff6dd3c]
2024-04-16 14:22:23,856 [INFO] com.paymentdao.payment.PaymentApplicationTests main Started PaymentApplicationTests in 4.692 seconds (JVM running for 6.242)
2024-04-16 14:22:24,784 [INFO] com.paymentdao.payment.service.PaymentTransferImplementation main Transaction is initiated to 987654321
2024-04-16 14:22:24,788 [INFO] com.paymentdao.payment.service.PaymentTransferImplementation main Transaction successful
2024-04-16 14:22:24,805 [INFO] com.paymentdao.payment.service.PaymentTransferImplementation main Listing all employees
2024-04-16 14:22:24,829 [INFO] com.paymentdao.payment.service.PaymentTransferImplementation main Transaction is initiated to 987654321
2024-04-16 14:22:24,829 [WARN] com.paymentdao.payment.service.PaymentTransferImplementation main Transaction failed due to:Your account has insufficient balance,Transaction failed!
2024-04-16 14:22:24,843 [INFO] com.paymentdao.payment.service.PaymentTransferImplementation main Transaction is initiated to 987654321
2024-04-16 14:22:24,854 [INFO] com.paymentdao.payment.service.PaymentTransferImplementation main Account Number entered is 213456789654
2024-04-16 14:22:24,868 [INFO] com.zaxxer.hikari.HikariDataSource SpringApplicationShutdownHook HikariPool-1 - Shutdown initiated...
2024-04-16 14:22:24,884 [INFO] com.zaxxer.hikari.HikariDataSource SpringApplicationShutdownHook HikariPool-1 - Shutdown completed.
2024-04-16 14:22:41,182 [INFO] com.paymentdao.payment.PaymentApplicationTests main Starting PaymentApplicationTests using Java 1.8.0_292 on WPG02VB46 with PID 24820 (started by xxjainne in C:\DLTE-JavaFullStack-EekshaJain-2024\DLTE-Project\DatabaseRepository\Payment_DAO)
2024-04-16 14:22:41,182 [INFO] com.paymentdao.payment.PaymentApplicationTests main No active profile set, falling back to 1 default profile: "default"
2024-04-16 14:22:41,901 [INFO] org.springframework.data.repository.config.RepositoryConfigurationDelegate main Bootstrapping Spring Data JDBC repositories in DEFAULT mode.
2024-04-16 14:22:41,917 [INFO] org.springframework.data.repository.config.RepositoryConfigurationDelegate main Finished Spring Data repository scanning in 10 ms. Found 0 JDBC repository interfaces.
2024-04-16 14:22:44,685 [INFO] com.zaxxer.hikari.HikariDataSource main HikariPool-1 - Starting...
2024-04-16 14:22:44,685 [WARN] com.zaxxer.hikari.util.DriverDataSource main Registered driver with driverClassName=oracle.jdbc.driver.OracleDriver was not found, trying direct instantiation.
2024-04-16 14:22:45,126 [INFO] com.zaxxer.hikari.pool.PoolBase main HikariPool-1 - Driver does not support get/set network timeout for connections. (oracle.jdbc.driver.T4CConnection.getNetworkTimeout()I)
2024-04-16 14:22:45,141 [INFO] com.zaxxer.hikari.HikariDataSource main HikariPool-1 - Start completed.
2024-04-16 14:22:45,551 [INFO] org.springframework.security.web.DefaultSecurityFilterChain main Will secure any request with [org.springframework.security.web.session.DisableEncodeUrlFilter@7d37ee0c, org.springframework.security.web.context.request.async.WebAsyncManagerIntegrationFilter@5a7b309b, org.springframework.security.web.context.SecurityContextPersistenceFilter@3caee3a8, org.springframework.security.web.header.HeaderWriterFilter@6d7ad0f5, org.springframework.security.web.csrf.CsrfFilter@41aebbb4, org.springframework.security.web.authentication.logout.LogoutFilter@7d0cd23c, org.springframework.security.web.authentication.UsernamePasswordAuthenticationFilter@544e3679, org.springframework.security.web.authentication.ui.DefaultLoginPageGeneratingFilter@63e5b8aa, org.springframework.security.web.authentication.ui.DefaultLogoutPageGeneratingFilter@4602f874, org.springframework.security.web.authentication.www.BasicAuthenticationFilter@5cff729b, org.springframework.security.web.savedrequest.RequestCacheAwareFilter@251c90f, org.springframework.security.web.servletapi.SecurityContextHolderAwareRequestFilter@2dd178f3, org.springframework.security.web.authentication.AnonymousAuthenticationFilter@7739aac4, org.springframework.security.web.session.SessionManagementFilter@49a38b1, org.springframework.security.web.access.ExceptionTranslationFilter@3e6ec74, org.springframework.security.web.access.intercept.FilterSecurityInterceptor@586cc15d]
2024-04-16 14:22:45,647 [INFO] com.paymentdao.payment.PaymentApplicationTests main Started PaymentApplicationTests in 4.858 seconds (JVM running for 6.441)
2024-04-16 14:22:46,588 [INFO] com.paymentdao.payment.service.PaymentTransferImplementation main Transaction is initiated to 987654321
2024-04-16 14:22:46,588 [INFO] com.paymentdao.payment.service.PaymentTransferImplementation main Transaction successful
2024-04-16 14:22:46,595 [INFO] com.paymentdao.payment.service.PaymentTransferImplementation main Listing all employees
2024-04-16 14:22:46,614 [INFO] com.paymentdao.payment.service.PaymentTransferImplementation main Transaction is initiated to 987654321
2024-04-16 14:22:46,614 [WARN] com.paymentdao.payment.service.PaymentTransferImplementation main Transaction failed due to:Your account has insufficient balance,Transaction failed!
2024-04-16 14:22:46,614 [INFO] com.paymentdao.payment.service.PaymentTransferImplementation main Account Number entered is 213456789654
2024-04-16 14:22:46,627 [INFO] com.zaxxer.hikari.HikariDataSource SpringApplicationShutdownHook HikariPool-1 - Shutdown initiated...
2024-04-16 14:22:46,647 [INFO] com.zaxxer.hikari.HikariDataSource SpringApplicationShutdownHook HikariPool-1 - Shutdown completed.
2024-04-16 14:29:46,252 [INFO] com.paymentdao.payment.PaymentApplicationTests main Starting PaymentApplicationTests using Java 1.8.0_292 on WPG02VB46 with PID 8792 (started by xxjainne in C:\DLTE-JavaFullStack-EekshaJain-2024\DLTE-Project\DatabaseRepository\Payment_DAO)
2024-04-16 14:29:46,252 [INFO] com.paymentdao.payment.PaymentApplicationTests main No active profile set, falling back to 1 default profile: "default"
2024-04-16 14:29:46,977 [INFO] org.springframework.data.repository.config.RepositoryConfigurationDelegate main Bootstrapping Spring Data JDBC repositories in DEFAULT mode.
2024-04-16 14:29:46,993 [INFO] org.springframework.data.repository.config.RepositoryConfigurationDelegate main Finished Spring Data repository scanning in 12 ms. Found 0 JDBC repository interfaces.
2024-04-16 14:29:49,124 [INFO] com.zaxxer.hikari.HikariDataSource main HikariPool-1 - Starting...
2024-04-16 14:29:49,124 [WARN] com.zaxxer.hikari.util.DriverDataSource main Registered driver with driverClassName=oracle.jdbc.driver.OracleDriver was not found, trying direct instantiation.
2024-04-16 14:29:49,659 [INFO] com.zaxxer.hikari.pool.PoolBase main HikariPool-1 - Driver does not support get/set network timeout for connections. (oracle.jdbc.driver.T4CConnection.getNetworkTimeout()I)
2024-04-16 14:29:49,663 [INFO] com.zaxxer.hikari.HikariDataSource main HikariPool-1 - Start completed.
2024-04-16 14:29:50,165 [INFO] org.springframework.security.web.DefaultSecurityFilterChain main Will secure any request with [org.springframework.security.web.session.DisableEncodeUrlFilter@4584304, org.springframework.security.web.context.request.async.WebAsyncManagerIntegrationFilter@51888019, org.springframework.security.web.context.SecurityContextPersistenceFilter@6cbb7a7d, org.springframework.security.web.header.HeaderWriterFilter@14b4340c, org.springframework.security.web.csrf.CsrfFilter@7558633, org.springframework.security.web.authentication.logout.LogoutFilter@4b7ed03e, org.springframework.security.web.authentication.UsernamePasswordAuthenticationFilter@138f0661, org.springframework.security.web.authentication.ui.DefaultLoginPageGeneratingFilter@2dbfa972, org.springframework.security.web.authentication.ui.DefaultLogoutPageGeneratingFilter@6f50d55c, org.springframework.security.web.authentication.www.BasicAuthenticationFilter@4f3356c0, org.springframework.security.web.savedrequest.RequestCacheAwareFilter@37606fee, org.springframework.security.web.servletapi.SecurityContextHolderAwareRequestFilter@48d739f, org.springframework.security.web.authentication.AnonymousAuthenticationFilter@19b5214b, org.springframework.security.web.session.SessionManagementFilter@2fd9fb34, org.springframework.security.web.access.ExceptionTranslationFilter@2313db84, org.springframework.security.web.access.intercept.FilterSecurityInterceptor@79df80a4]
2024-04-16 14:29:50,244 [INFO] com.paymentdao.payment.PaymentApplicationTests main Started PaymentApplicationTests in 4.34 seconds (JVM running for 5.848)
2024-04-16 14:29:50,985 [INFO] com.paymentdao.payment.service.PaymentTransferImplementation main Transaction is initiated to 987654321
2024-04-16 14:29:50,985 [INFO] com.paymentdao.payment.service.PaymentTransferImplementation main Transaction successful
2024-04-16 14:29:51,001 [INFO] com.paymentdao.payment.service.PaymentTransferImplementation main Listing all employees
2024-04-16 14:29:51,001 [INFO] com.paymentdao.payment.service.PaymentTransferImplementation main Transaction is initiated to 987654321
2024-04-16 14:29:51,001 [WARN] com.paymentdao.payment.service.PaymentTransferImplementation main Transaction failed due to:Your account has insufficient balance,Transaction failed!
2024-04-16 14:29:51,016 [INFO] com.paymentdao.payment.service.PaymentTransferImplementation main Account Number entered is 213456789654
2024-04-16 14:29:51,032 [INFO] com.zaxxer.hikari.HikariDataSource SpringApplicationShutdownHook HikariPool-1 - Shutdown initiated...
2024-04-16 14:29:51,045 [INFO] com.zaxxer.hikari.HikariDataSource SpringApplicationShutdownHook HikariPool-1 - Shutdown completed.
2024-04-16 15:53:03,823 [INFO] com.paymentdao.payment.PaymentApplicationTests main Starting PaymentApplicationTests using Java 1.8.0_292 on WPG02VB46 with PID 29104 (started by xxjainne in C:\DLTE-JavaFullStack-EekshaJain-2024\DLTE-Project\DatabaseRepository\Payment_DAO)
2024-04-16 15:53:03,863 [INFO] com.paymentdao.payment.PaymentApplicationTests main No active profile set, falling back to 1 default profile: "default"
2024-04-16 15:53:04,595 [INFO] org.springframework.data.repository.config.RepositoryConfigurationDelegate main Bootstrapping Spring Data JDBC repositories in DEFAULT mode.
2024-04-16 15:53:04,611 [INFO] org.springframework.data.repository.config.RepositoryConfigurationDelegate main Finished Spring Data repository scanning in 8 ms. Found 0 JDBC repository interfaces.
2024-04-16 15:53:06,745 [INFO] com.zaxxer.hikari.HikariDataSource main HikariPool-1 - Starting...
2024-04-16 15:53:06,759 [WARN] com.zaxxer.hikari.util.DriverDataSource main Registered driver with driverClassName=oracle.jdbc.driver.OracleDriver was not found, trying direct instantiation.
2024-04-16 15:53:07,185 [INFO] com.zaxxer.hikari.pool.PoolBase main HikariPool-1 - Driver does not support get/set network timeout for connections. (oracle.jdbc.driver.T4CConnection.getNetworkTimeout()I)
2024-04-16 15:53:07,191 [INFO] com.zaxxer.hikari.HikariDataSource main HikariPool-1 - Start completed.
2024-04-16 15:53:07,692 [INFO] org.springframework.security.web.DefaultSecurityFilterChain main Will secure any request with [org.springframework.security.web.session.DisableEncodeUrlFilter@3820cfe, org.springframework.security.web.context.request.async.WebAsyncManagerIntegrationFilter@2407a36c, org.springframework.security.web.context.SecurityContextPersistenceFilter@5a592c70, org.springframework.security.web.header.HeaderWriterFilter@42c12b3e, org.springframework.security.web.csrf.CsrfFilter@2dc39b53, org.springframework.security.web.authentication.logout.LogoutFilter@681061d6, org.springframework.security.web.authentication.UsernamePasswordAuthenticationFilter@586cc15d, org.springframework.security.web.authentication.ui.DefaultLoginPageGeneratingFilter@37c7766e, org.springframework.security.web.authentication.ui.DefaultLogoutPageGeneratingFilter@5ec9eefa, org.springframework.security.web.authentication.www.BasicAuthenticationFilter@6889f56f, org.springframework.security.web.savedrequest.RequestCacheAwareFilter@11e9ac24, org.springframework.security.web.servletapi.SecurityContextHolderAwareRequestFilter@675b18ff, org.springframework.security.web.authentication.AnonymousAuthenticationFilter@28b8f98a, org.springframework.security.web.session.SessionManagementFilter@46f73ffa, org.springframework.security.web.access.ExceptionTranslationFilter@51e7589f, org.springframework.security.web.access.intercept.FilterSecurityInterceptor@448462f0]
2024-04-16 15:53:07,814 [INFO] com.paymentdao.payment.PaymentApplicationTests main Started PaymentApplicationTests in 4.369 seconds (JVM running for 5.919)
2024-04-16 15:53:08,649 [INFO] com.paymentdao.payment.service.PaymentTransferImplementation main Transaction is initiated to 987654321
2024-04-16 15:53:08,664 [INFO] com.paymentdao.payment.service.PaymentTransferImplementation main Transaction successful
2024-04-16 15:53:08,664 [INFO] com.paymentdao.payment.service.PaymentTransferImplementation main Listing all employees
2024-04-16 15:53:08,681 [INFO] com.paymentdao.payment.service.PaymentTransferImplementation main Transaction is initiated to 987654321
2024-04-16 15:53:08,681 [WARN] com.paymentdao.payment.service.PaymentTransferImplementation main Transaction failed due to:Your account has insufficient balance,Transaction failed!
2024-04-16 15:53:08,697 [INFO] com.paymentdao.payment.service.PaymentTransferImplementation main Account Number entered is 213456789654
2024-04-16 15:53:08,712 [INFO] com.zaxxer.hikari.HikariDataSource SpringApplicationShutdownHook HikariPool-1 - Shutdown initiated...
2024-04-16 15:53:08,712 [INFO] com.zaxxer.hikari.HikariDataSource SpringApplicationShutdownHook HikariPool-1 - Shutdown completed.
2024-04-16 16:49:18,270 [INFO] com.paymentdao.payment.PaymentApplicationTests main Starting PaymentApplicationTests using Java 1.8.0_292 on WPG02VB46 with PID 14068 (started by xxjainne in C:\DLTE-JavaFullStack-EekshaJain-2024\DLTE-Project\DatabaseRepository\Payment_DAO)
2024-04-16 16:49:18,306 [INFO] com.paymentdao.payment.PaymentApplicationTests main No active profile set, falling back to 1 default profile: "default"
2024-04-16 16:49:18,998 [INFO] org.springframework.data.repository.config.RepositoryConfigurationDelegate main Bootstrapping Spring Data JDBC repositories in DEFAULT mode.
2024-04-16 16:49:19,013 [INFO] org.springframework.data.repository.config.RepositoryConfigurationDelegate main Finished Spring Data repository scanning in 10 ms. Found 0 JDBC repository interfaces.
2024-04-16 16:49:21,236 [INFO] com.zaxxer.hikari.HikariDataSource main HikariPool-1 - Starting...
2024-04-16 16:49:21,236 [WARN] com.zaxxer.hikari.util.DriverDataSource main Registered driver with driverClassName=oracle.jdbc.driver.OracleDriver was not found, trying direct instantiation.
2024-04-16 16:49:21,599 [INFO] com.zaxxer.hikari.pool.PoolBase main HikariPool-1 - Driver does not support get/set network timeout for connections. (oracle.jdbc.driver.T4CConnection.getNetworkTimeout()I)
2024-04-16 16:49:21,615 [INFO] com.zaxxer.hikari.HikariDataSource main HikariPool-1 - Start completed.
2024-04-16 16:49:22,091 [INFO] org.springframework.security.web.DefaultSecurityFilterChain main Will secure any request with [org.springframework.security.web.session.DisableEncodeUrlFilter@51888019, org.springframework.security.web.context.request.async.WebAsyncManagerIntegrationFilter@6f50d55c, org.springframework.security.web.context.SecurityContextPersistenceFilter@cdb3c85, org.springframework.security.web.header.HeaderWriterFilter@12abcd1e, org.springframework.security.web.csrf.CsrfFilter@5657967b, org.springframework.security.web.authentication.logout.LogoutFilter@636985df, org.springframework.security.web.authentication.UsernamePasswordAuthenticationFilter@212fafd1, org.springframework.security.web.authentication.ui.DefaultLoginPageGeneratingFilter@46f73ffa, org.springframework.security.web.authentication.ui.DefaultLogoutPageGeneratingFilter@19b5214b, org.springframework.security.web.authentication.www.BasicAuthenticationFilter@586cc15d, org.springframework.security.web.savedrequest.RequestCacheAwareFilter@33d28f0a, org.springframework.security.web.servletapi.SecurityContextHolderAwareRequestFilter@51e7589f, org.springframework.security.web.authentication.AnonymousAuthenticationFilter@5fb3111a, org.springframework.security.web.session.SessionManagementFilter@1595d2b2, org.springframework.security.web.access.ExceptionTranslationFilter@216372b7, org.springframework.security.web.access.intercept.FilterSecurityInterceptor@130cfc47]
2024-04-16 16:49:22,176 [INFO] com.paymentdao.payment.PaymentApplicationTests main Started PaymentApplicationTests in 4.272 seconds (JVM running for 5.703)
2024-04-16 16:49:23,077 [INFO] com.paymentdao.payment.service.PaymentTransferImplementation main Transaction is initiated to 987654321
2024-04-16 16:49:23,081 [INFO] com.paymentdao.payment.service.PaymentTransferImplementation main Transaction successful
2024-04-16 16:49:23,097 [INFO] com.paymentdao.payment.service.PaymentTransferImplementation main Listing all employees
2024-04-16 16:49:23,097 [INFO] com.paymentdao.payment.service.PaymentTransferImplementation main Transaction is initiated to 987654321
2024-04-16 16:49:23,097 [WARN] com.paymentdao.payment.service.PaymentTransferImplementation main Transaction failed due to:Your account has insufficient balance,Transaction failed!
2024-04-16 16:49:23,112 [INFO] com.paymentdao.payment.service.PaymentTransferImplementation main Account Number entered is 213456789654
2024-04-16 16:49:23,128 [INFO] com.zaxxer.hikari.HikariDataSource SpringApplicationShutdownHook HikariPool-1 - Shutdown initiated...
2024-04-16 16:49:23,128 [INFO] com.zaxxer.hikari.HikariDataSource SpringApplicationShutdownHook HikariPool-1 - Shutdown completed.
2024-04-16 17:05:24,274 [INFO] com.paymentdao.payment.PaymentApplicationTests main Starting PaymentApplicationTests using Java 1.8.0_292 on WPG02VB46 with PID 10424 (started by xxjainne in C:\DLTE-JavaFullStack-EekshaJain-2024\DLTE-Project\DatabaseRepository\Payment_DAO)
2024-04-16 17:05:24,324 [INFO] com.paymentdao.payment.PaymentApplicationTests main No active profile set, falling back to 1 default profile: "default"
2024-04-16 17:05:25,049 [INFO] org.springframework.data.repository.config.RepositoryConfigurationDelegate main Bootstrapping Spring Data JDBC repositories in DEFAULT mode.
2024-04-16 17:05:25,061 [INFO] org.springframework.data.repository.config.RepositoryConfigurationDelegate main Finished Spring Data repository scanning in 10 ms. Found 0 JDBC repository interfaces.
2024-04-16 17:05:27,303 [INFO] com.zaxxer.hikari.HikariDataSource main HikariPool-1 - Starting...
2024-04-16 17:05:27,310 [WARN] com.zaxxer.hikari.util.DriverDataSource main Registered driver with driverClassName=oracle.jdbc.driver.OracleDriver was not found, trying direct instantiation.
2024-04-16 17:05:27,691 [INFO] com.zaxxer.hikari.pool.PoolBase main HikariPool-1 - Driver does not support get/set network timeout for connections. (oracle.jdbc.driver.T4CConnection.getNetworkTimeout()I)
2024-04-16 17:05:27,698 [INFO] com.zaxxer.hikari.HikariDataSource main HikariPool-1 - Start completed.
2024-04-16 17:05:28,141 [INFO] org.springframework.security.web.DefaultSecurityFilterChain main Will secure any request with [org.springframework.security.web.session.DisableEncodeUrlFilter@7d37ee0c, org.springframework.security.web.context.request.async.WebAsyncManagerIntegrationFilter@5a7b309b, org.springframework.security.web.context.SecurityContextPersistenceFilter@3caee3a8, org.springframework.security.web.header.HeaderWriterFilter@6d7ad0f5, org.springframework.security.web.csrf.CsrfFilter@41aebbb4, org.springframework.security.web.authentication.logout.LogoutFilter@7d0cd23c, org.springframework.security.web.authentication.UsernamePasswordAuthenticationFilter@544e3679, org.springframework.security.web.authentication.ui.DefaultLoginPageGeneratingFilter@63e5b8aa, org.springframework.security.web.authentication.ui.DefaultLogoutPageGeneratingFilter@4602f874, org.springframework.security.web.authentication.www.BasicAuthenticationFilter@5cff729b, org.springframework.security.web.savedrequest.RequestCacheAwareFilter@251c90f, org.springframework.security.web.servletapi.SecurityContextHolderAwareRequestFilter@2dd178f3, org.springframework.security.web.authentication.AnonymousAuthenticationFilter@7739aac4, org.springframework.security.web.session.SessionManagementFilter@49a38b1, org.springframework.security.web.access.ExceptionTranslationFilter@3e6ec74, org.springframework.security.web.access.intercept.FilterSecurityInterceptor@586cc15d]
2024-04-16 17:05:28,248 [INFO] com.paymentdao.payment.PaymentApplicationTests main Started PaymentApplicationTests in 4.317 seconds (JVM running for 5.885)
2024-04-16 17:05:29,175 [INFO] com.paymentdao.payment.service.PaymentTransferImplementation main Transaction is initiated to 987654321
2024-04-16 17:05:29,175 [INFO] com.paymentdao.payment.service.PaymentTransferImplementation main Transaction successful
2024-04-16 17:05:29,191 [INFO] com.paymentdao.payment.service.PaymentTransferImplementation main Listing all employees
2024-04-16 17:05:29,207 [INFO] com.paymentdao.payment.service.PaymentTransferImplementation main Transaction is initiated to 987654321
2024-04-16 17:05:29,207 [WARN] com.paymentdao.payment.service.PaymentTransferImplementation main Transaction failed due to:Your account has insufficient balance,Transaction failed!
2024-04-16 17:05:29,213 [INFO] com.paymentdao.payment.service.PaymentTransferImplementation main Account Number entered is 213456789654
2024-04-16 17:05:29,223 [INFO] com.zaxxer.hikari.HikariDataSource SpringApplicationShutdownHook HikariPool-1 - Shutdown initiated...
2024-04-16 17:05:29,247 [INFO] com.zaxxer.hikari.HikariDataSource SpringApplicationShutdownHook HikariPool-1 - Shutdown completed.
2024-04-16 17:47:18,715 [INFO] com.paymentdao.payment.PaymentApplicationTests main Starting PaymentApplicationTests using Java 1.8.0_292 on WPG02VB46 with PID 3036 (started by xxjainne in C:\DLTE-JavaFullStack-EekshaJain-2024\DLTE-Project\DatabaseRepository\Payment_DAO)
2024-04-16 17:47:18,715 [INFO] com.paymentdao.payment.PaymentApplicationTests main No active profile set, falling back to 1 default profile: "default"
2024-04-16 17:47:19,328 [INFO] org.springframework.data.repository.config.RepositoryConfigurationDelegate main Bootstrapping Spring Data JDBC repositories in DEFAULT mode.
2024-04-16 17:47:19,343 [INFO] org.springframework.data.repository.config.RepositoryConfigurationDelegate main Finished Spring Data repository scanning in 9 ms. Found 0 JDBC repository interfaces.
2024-04-16 17:47:21,234 [INFO] com.zaxxer.hikari.HikariDataSource main HikariPool-1 - Starting...
2024-04-16 17:47:21,234 [WARN] com.zaxxer.hikari.util.DriverDataSource main Registered driver with driverClassName=oracle.jdbc.driver.OracleDriver was not found, trying direct instantiation.
2024-04-16 17:47:21,549 [INFO] com.zaxxer.hikari.pool.PoolBase main HikariPool-1 - Driver does not support get/set network timeout for connections. (oracle.jdbc.driver.T4CConnection.getNetworkTimeout()I)
2024-04-16 17:47:21,549 [INFO] com.zaxxer.hikari.HikariDataSource main HikariPool-1 - Start completed.
2024-04-16 17:47:21,928 [INFO] org.springframework.security.web.DefaultSecurityFilterChain main Will secure any request with [org.springframework.security.web.session.DisableEncodeUrlFilter@1df9186f, org.springframework.security.web.context.request.async.WebAsyncManagerIntegrationFilter@682e422c, org.springframework.security.web.context.SecurityContextPersistenceFilter@5d7dd549, org.springframework.security.web.header.HeaderWriterFilter@1a914089, org.springframework.security.web.csrf.CsrfFilter@10b8b900, org.springframework.security.web.authentication.logout.LogoutFilter@7a0ab480, org.springframework.security.web.authentication.UsernamePasswordAuthenticationFilter@4fd74223, org.springframework.security.web.authentication.ui.DefaultLoginPageGeneratingFilter@6b1321b7, org.springframework.security.web.authentication.ui.DefaultLogoutPageGeneratingFilter@5bb8e6fc, org.springframework.security.web.authentication.www.BasicAuthenticationFilter@73e4387, org.springframework.security.web.savedrequest.RequestCacheAwareFilter@6459f4ea, org.springframework.security.web.servletapi.SecurityContextHolderAwareRequestFilter@476fde05, org.springframework.security.web.authentication.AnonymousAuthenticationFilter@2726a511, org.springframework.security.web.session.SessionManagementFilter@4a2bf50f, org.springframework.security.web.access.ExceptionTranslationFilter@2725ca05, org.springframework.security.web.access.intercept.FilterSecurityInterceptor@3a3f96ab]
2024-04-16 17:47:22,023 [INFO] com.paymentdao.payment.PaymentApplicationTests main Started PaymentApplicationTests in 3.638 seconds (JVM running for 4.902)
2024-04-16 17:47:22,847 [INFO] com.paymentdao.payment.service.PaymentTransferImplementation main Transaction is initiated to 987654321
2024-04-16 17:47:22,847 [INFO] com.paymentdao.payment.service.PaymentTransferImplementation main Transaction successful
2024-04-16 17:47:22,879 [INFO] com.paymentdao.payment.service.PaymentTransferImplementation main Listing all employees
2024-04-16 17:47:22,894 [INFO] com.paymentdao.payment.service.PaymentTransferImplementation main Transaction is initiated to 987654321
2024-04-16 17:47:22,894 [WARN] com.paymentdao.payment.service.PaymentTransferImplementation main Transaction failed due to:Your account has insufficient balance,Transaction failed!
2024-04-16 17:47:22,894 [INFO] com.paymentdao.payment.service.PaymentTransferImplementation main Account Number entered is 213456789654
2024-04-16 17:47:22,910 [INFO] com.zaxxer.hikari.HikariDataSource SpringApplicationShutdownHook HikariPool-1 - Shutdown initiated...
2024-04-16 17:47:22,928 [INFO] com.zaxxer.hikari.HikariDataSource SpringApplicationShutdownHook HikariPool-1 - Shutdown completed.
2024-04-16 17:49:57,378 [INFO] com.paymentdao.payment.PaymentApplicationTests main Starting PaymentApplicationTests using Java 1.8.0_292 on WPG02VB46 with PID 15704 (started by xxjainne in C:\DLTE-JavaFullStack-EekshaJain-2024\DLTE-Project\DatabaseRepository\Payment_DAO)
2024-04-16 17:49:57,378 [INFO] com.paymentdao.payment.PaymentApplicationTests main No active profile set, falling back to 1 default profile: "default"
2024-04-16 17:49:58,024 [INFO] org.springframework.data.repository.config.RepositoryConfigurationDelegate main Bootstrapping Spring Data JDBC repositories in DEFAULT mode.
2024-04-16 17:49:58,024 [INFO] org.springframework.data.repository.config.RepositoryConfigurationDelegate main Finished Spring Data repository scanning in 8 ms. Found 0 JDBC repository interfaces.
2024-04-16 17:49:59,930 [INFO] com.zaxxer.hikari.HikariDataSource main HikariPool-1 - Starting...
2024-04-16 17:49:59,930 [WARN] com.zaxxer.hikari.util.DriverDataSource main Registered driver with driverClassName=oracle.jdbc.driver.OracleDriver was not found, trying direct instantiation.
2024-04-16 17:50:00,279 [INFO] com.zaxxer.hikari.pool.PoolBase main HikariPool-1 - Driver does not support get/set network timeout for connections. (oracle.jdbc.driver.T4CConnection.getNetworkTimeout()I)
2024-04-16 17:50:00,279 [INFO] com.zaxxer.hikari.HikariDataSource main HikariPool-1 - Start completed.
2024-04-16 17:50:00,720 [INFO] org.springframework.security.web.DefaultSecurityFilterChain main Will secure any request with [org.springframework.security.web.session.DisableEncodeUrlFilter@544e3679, org.springframework.security.web.context.request.async.WebAsyncManagerIntegrationFilter@6889f56f, org.springframework.security.web.context.SecurityContextPersistenceFilter@2dbfa972, org.springframework.security.web.header.HeaderWriterFilter@33d28f0a, org.springframework.security.web.csrf.CsrfFilter@6de43bc1, org.springframework.security.web.authentication.logout.LogoutFilter@2bd8f7db, org.springframework.security.web.authentication.UsernamePasswordAuthenticationFilter@7e3d2ebd, org.springframework.security.web.authentication.ui.DefaultLoginPageGeneratingFilter@675b18ff, org.springframework.security.web.authentication.ui.DefaultLogoutPageGeneratingFilter@231b35fb, org.springframework.security.web.authentication.www.BasicAuthenticationFilter@4aaecabd, org.springframework.security.web.savedrequest.RequestCacheAwareFilter@41aebbb4, org.springframework.security.web.servletapi.SecurityContextHolderAwareRequestFilter@5a592c70, org.springframework.security.web.authentication.AnonymousAuthenticationFilter@26da1ba2, org.springframework.security.web.session.SessionManagementFilter@51e7589f, org.springframework.security.web.access.ExceptionTranslationFilter@cdb3c85, org.springframework.security.web.access.intercept.FilterSecurityInterceptor@55361f03]
2024-04-16 17:50:00,825 [INFO] com.paymentdao.payment.PaymentApplicationTests main Started PaymentApplicationTests in 3.8 seconds (JVM running for 5.077)
2024-04-16 17:50:01,509 [INFO] com.paymentdao.payment.service.PaymentTransferImplementation main Transaction is initiated to 987654321
2024-04-16 17:50:01,525 [INFO] com.paymentdao.payment.service.PaymentTransferImplementation main Transaction successful
2024-04-16 17:50:01,525 [INFO] com.paymentdao.payment.service.PaymentTransferImplementation main Listing all employees
2024-04-16 17:50:01,540 [INFO] com.paymentdao.payment.service.PaymentTransferImplementation main Transaction is initiated to 987654321
2024-04-16 17:50:01,540 [WARN] com.paymentdao.payment.service.PaymentTransferImplementation main Transaction failed due to:Your account has insufficient balance,Transaction failed!
2024-04-16 17:50:01,540 [INFO] com.paymentdao.payment.service.PaymentTransferImplementation main Account Number entered is 213456789654
2024-04-16 17:50:01,560 [INFO] com.zaxxer.hikari.HikariDataSource SpringApplicationShutdownHook HikariPool-1 - Shutdown initiated...
2024-04-16 17:50:01,576 [INFO] com.zaxxer.hikari.HikariDataSource SpringApplicationShutdownHook HikariPool-1 - Shutdown completed.
2024-04-16 17:50:52,940 [INFO] com.paymentdao.payment.PaymentApplicationTests main Starting PaymentApplicationTests using Java 1.8.0_292 on WPG02VB46 with PID 3740 (started by xxjainne in C:\DLTE-JavaFullStack-EekshaJain-2024\DLTE-Project\DatabaseRepository\Payment_DAO)
2024-04-16 17:50:52,940 [INFO] com.paymentdao.payment.PaymentApplicationTests main No active profile set, falling back to 1 default profile: "default"
2024-04-16 17:50:53,568 [INFO] org.springframework.data.repository.config.RepositoryConfigurationDelegate main Bootstrapping Spring Data JDBC repositories in DEFAULT mode.
2024-04-16 17:50:53,568 [INFO] org.springframework.data.repository.config.RepositoryConfigurationDelegate main Finished Spring Data repository scanning in 8 ms. Found 0 JDBC repository interfaces.
2024-04-16 17:50:55,474 [INFO] com.zaxxer.hikari.HikariDataSource main HikariPool-1 - Starting...
2024-04-16 17:50:55,474 [WARN] com.zaxxer.hikari.util.DriverDataSource main Registered driver with driverClassName=oracle.jdbc.driver.OracleDriver was not found, trying direct instantiation.
2024-04-16 17:50:55,839 [INFO] com.zaxxer.hikari.pool.PoolBase main HikariPool-1 - Driver does not support get/set network timeout for connections. (oracle.jdbc.driver.T4CConnection.getNetworkTimeout()I)
2024-04-16 17:50:55,839 [INFO] com.zaxxer.hikari.HikariDataSource main HikariPool-1 - Start completed.
2024-04-16 17:50:56,249 [INFO] org.springframework.security.web.DefaultSecurityFilterChain main Will secure any request with [org.springframework.security.web.session.DisableEncodeUrlFilter@7d37ee0c, org.springframework.security.web.context.request.async.WebAsyncManagerIntegrationFilter@5a7b309b, org.springframework.security.web.context.SecurityContextPersistenceFilter@4b7ed03e, org.springframework.security.web.header.HeaderWriterFilter@34279b8a, org.springframework.security.web.csrf.CsrfFilter@12abcd1e, org.springframework.security.web.authentication.logout.LogoutFilter@63e5b8aa, org.springframework.security.web.authentication.UsernamePasswordAuthenticationFilter@544e3679, org.springframework.security.web.authentication.ui.DefaultLoginPageGeneratingFilter@2bd8f7db, org.springframework.security.web.authentication.ui.DefaultLogoutPageGeneratingFilter@4602f874, org.springframework.security.web.authentication.www.BasicAuthenticationFilter@5cff729b, org.springframework.security.web.savedrequest.RequestCacheAwareFilter@6f91fbda, org.springframework.security.web.servletapi.SecurityContextHolderAwareRequestFilter@4ffced4e, org.springframework.security.web.authentication.AnonymousAuthenticationFilter@7739aac4, org.springframework.security.web.session.SessionManagementFilter@8641b7d, org.springframework.security.web.access.ExceptionTranslationFilter@74f280bd, org.springframework.security.web.access.intercept.FilterSecurityInterceptor@586cc15d]
2024-04-16 17:50:56,328 [INFO] com.paymentdao.payment.PaymentApplicationTests main Started PaymentApplicationTests in 3.701 seconds (JVM running for 4.93)
2024-04-16 17:50:57,023 [INFO] com.paymentdao.payment.service.PaymentTransferImplementation main Transaction is initiated to 987654321
2024-04-16 17:50:57,037 [INFO] com.paymentdao.payment.service.PaymentTransferImplementation main Transaction successful
2024-04-16 17:50:57,053 [INFO] com.paymentdao.payment.service.PaymentTransferImplementation main Listing all employees
2024-04-16 17:50:57,053 [INFO] com.paymentdao.payment.service.PaymentTransferImplementation main Transaction is initiated to 987654321
2024-04-16 17:50:57,053 [WARN] com.paymentdao.payment.service.PaymentTransferImplementation main Transaction failed due to:Your account has insufficient balance,Transaction failed!
2024-04-16 17:50:57,068 [INFO] com.paymentdao.payment.service.PaymentTransferImplementation main Account Number entered is 213456789654
2024-04-16 17:50:57,084 [INFO] com.zaxxer.hikari.HikariDataSource SpringApplicationShutdownHook HikariPool-1 - Shutdown initiated...
2024-04-16 17:50:57,098 [INFO] com.zaxxer.hikari.HikariDataSource SpringApplicationShutdownHook HikariPool-1 - Shutdown completed.
2024-04-16 20:38:36,086 [INFO] com.paymentdao.payment.PaymentApplicationTests main Starting PaymentApplicationTests using Java 1.8.0_292 on WPG02VB46 with PID 19492 (started by xxjainne in C:\DLTE-JavaFullStack-EekshaJain-2024\DLTE-Project\DatabaseRepository\Payment_DAO)
2024-04-16 20:38:36,086 [INFO] com.paymentdao.payment.PaymentApplicationTests main No active profile set, falling back to 1 default profile: "default"
2024-04-16 20:38:36,936 [INFO] org.springframework.data.repository.config.RepositoryConfigurationDelegate main Bootstrapping Spring Data JDBC repositories in DEFAULT mode.
2024-04-16 20:38:36,951 [INFO] org.springframework.data.repository.config.RepositoryConfigurationDelegate main Finished Spring Data repository scanning in 13 ms. Found 0 JDBC repository interfaces.
2024-04-16 20:38:39,226 [INFO] com.zaxxer.hikari.HikariDataSource main HikariPool-1 - Starting...
2024-04-16 20:38:39,235 [WARN] com.zaxxer.hikari.util.DriverDataSource main Registered driver with driverClassName=oracle.jdbc.driver.OracleDriver was not found, trying direct instantiation.
2024-04-16 20:38:39,684 [INFO] com.zaxxer.hikari.pool.PoolBase main HikariPool-1 - Driver does not support get/set network timeout for connections. (oracle.jdbc.driver.T4CConnection.getNetworkTimeout()I)
2024-04-16 20:38:39,684 [INFO] com.zaxxer.hikari.HikariDataSource main HikariPool-1 - Start completed.
2024-04-16 20:38:40,235 [INFO] org.springframework.security.web.DefaultSecurityFilterChain main Will secure any request with [org.springframework.security.web.session.DisableEncodeUrlFilter@b022551, org.springframework.security.web.context.request.async.WebAsyncManagerIntegrationFilter@3e14d390, org.springframework.security.web.context.SecurityContextPersistenceFilter@2bd8f7db, org.springframework.security.web.header.HeaderWriterFilter@723e3c17, org.springframework.security.web.csrf.CsrfFilter@48d739f, org.springframework.security.web.authentication.logout.LogoutFilter@2801827a, org.springframework.security.web.authentication.UsernamePasswordAuthenticationFilter@3b4ef59f, org.springframework.security.web.authentication.ui.DefaultLoginPageGeneratingFilter@251c90f, org.springframework.security.web.authentication.ui.DefaultLogoutPageGeneratingFilter@5eb87338, org.springframework.security.web.authentication.www.BasicAuthenticationFilter@36c07c75, org.springframework.security.web.savedrequest.RequestCacheAwareFilter@30abf79c, org.springframework.security.web.servletapi.SecurityContextHolderAwareRequestFilter@681061d6, org.springframework.security.web.authentication.AnonymousAuthenticationFilter@2b999ee8, org.springframework.security.web.session.SessionManagementFilter@6094de13, org.springframework.security.web.access.ExceptionTranslationFilter@636985df, org.springframework.security.web.access.intercept.FilterSecurityInterceptor@23bd0c81]
2024-04-16 20:38:40,330 [INFO] com.paymentdao.payment.PaymentApplicationTests main Started PaymentApplicationTests in 4.621 seconds (JVM running for 6.2)
2024-04-16 20:38:41,230 [INFO] com.paymentdao.payment.service.PaymentTransferImplementation main Transaction is initiated to 987654321
2024-04-16 20:38:41,230 [INFO] com.paymentdao.payment.service.PaymentTransferImplementation main Transaction successful
2024-04-16 20:38:41,245 [INFO] com.paymentdao.payment.service.PaymentTransferImplementation main Listing all employees
2024-04-16 20:38:41,261 [INFO] com.paymentdao.payment.service.PaymentTransferImplementation main Transaction is initiated to 987654321
2024-04-16 20:38:41,261 [WARN] com.paymentdao.payment.service.PaymentTransferImplementation main Transaction failed due to:Your account has insufficient balance,Transaction failed!
2024-04-16 20:38:41,261 [INFO] com.paymentdao.payment.service.PaymentTransferImplementation main Account Number entered is 213456789654
2024-04-16 20:38:41,292 [INFO] com.zaxxer.hikari.HikariDataSource SpringApplicationShutdownHook HikariPool-1 - Shutdown initiated...
2024-04-16 20:38:41,306 [INFO] com.zaxxer.hikari.HikariDataSource SpringApplicationShutdownHook HikariPool-1 - Shutdown completed.
2024-04-16 21:34:30,402 [INFO] com.paymentdao.payment.PaymentApplicationTests main Starting PaymentApplicationTests using Java 1.8.0_292 on WPG02VB46 with PID 18884 (started by xxjainne in C:\DLTE-JavaFullStack-EekshaJain-2024\DLTE-Project\DatabaseRepository\Payment_DAO)
2024-04-16 21:34:30,402 [INFO] com.paymentdao.payment.PaymentApplicationTests main No active profile set, falling back to 1 default profile: "default"
2024-04-16 21:34:31,062 [INFO] org.springframework.data.repository.config.RepositoryConfigurationDelegate main Bootstrapping Spring Data JDBC repositories in DEFAULT mode.
2024-04-16 21:34:31,062 [INFO] org.springframework.data.repository.config.RepositoryConfigurationDelegate main Finished Spring Data repository scanning in 8 ms. Found 0 JDBC repository interfaces.
2024-04-16 21:34:32,968 [INFO] com.zaxxer.hikari.HikariDataSource main HikariPool-1 - Starting...
2024-04-16 21:34:32,968 [WARN] com.zaxxer.hikari.util.DriverDataSource main Registered driver with driverClassName=oracle.jdbc.driver.OracleDriver was not found, trying direct instantiation.
2024-04-16 21:34:33,348 [INFO] com.zaxxer.hikari.pool.PoolBase main HikariPool-1 - Driver does not support get/set network timeout for connections. (oracle.jdbc.driver.T4CConnection.getNetworkTimeout()I)
2024-04-16 21:34:33,363 [INFO] com.zaxxer.hikari.HikariDataSource main HikariPool-1 - Start completed.
2024-04-16 21:34:33,790 [INFO] org.springframework.security.web.DefaultSecurityFilterChain main Will secure any request with [org.springframework.security.web.session.DisableEncodeUrlFilter@5eb87338, org.springframework.security.web.context.request.async.WebAsyncManagerIntegrationFilter@2b999ee8, org.springframework.security.web.context.SecurityContextPersistenceFilter@30abf79c, org.springframework.security.web.header.HeaderWriterFilter@6094de13, org.springframework.security.web.csrf.CsrfFilter@65cc5252, org.springframework.security.web.authentication.logout.LogoutFilter@599f1b7, org.springframework.security.web.authentication.UsernamePasswordAuthenticationFilter@33e4b9c4, org.springframework.security.web.authentication.ui.DefaultLoginPageGeneratingFilter@2dd178f3, org.springframework.security.web.authentication.ui.DefaultLogoutPageGeneratingFilter@31ab1e67, org.springframework.security.web.authentication.www.BasicAuthenticationFilter@5d850a25, org.springframework.security.web.savedrequest.RequestCacheAwareFilter@681061d6, org.springframework.security.web.servletapi.SecurityContextHolderAwareRequestFilter@3caee3a8, org.springframework.security.web.authentication.AnonymousAuthenticationFilter@29bbc391, org.springframework.security.web.session.SessionManagementFilter@3e6ec74, org.springframework.security.web.access.ExceptionTranslationFilter@723e3c17, org.springframework.security.web.access.intercept.FilterSecurityInterceptor@544e3679]
2024-04-16 21:34:33,868 [INFO] com.paymentdao.payment.PaymentApplicationTests main Started PaymentApplicationTests in 3.81 seconds (JVM running for 5.197)
2024-04-16 21:34:34,595 [INFO] com.paymentdao.payment.service.PaymentTransferImplementation main Transaction is initiated to 987654321
2024-04-16 21:34:34,595 [INFO] com.paymentdao.payment.service.PaymentTransferImplementation main Transaction successful
2024-04-16 21:34:34,611 [INFO] com.paymentdao.payment.service.PaymentTransferImplementation main Listing all employees
2024-04-16 21:34:34,626 [INFO] com.paymentdao.payment.service.PaymentTransferImplementation main Transaction is initiated to 987654321
2024-04-16 21:34:34,626 [WARN] com.paymentdao.payment.service.PaymentTransferImplementation main Transaction failed due to:Your account has insufficient balance,Transaction failed!
2024-04-16 21:34:34,642 [INFO] com.paymentdao.payment.service.PaymentTransferImplementation main Account Number entered is 213456789654
2024-04-16 21:34:34,658 [INFO] com.zaxxer.hikari.HikariDataSource SpringApplicationShutdownHook HikariPool-1 - Shutdown initiated...
2024-04-16 21:34:34,673 [INFO] com.zaxxer.hikari.HikariDataSource SpringApplicationShutdownHook HikariPool-1 - Shutdown completed.
